<?xml version="1.0" encoding="UTF-8"?>
<!-- Generated by org.testng.reporters.JUnitXMLReporter -->
<testsuite ignored="2" hostname="SUSHMA" failures="0" tests="2" name="Test2" time="0.011" errors="0" timestamp="2021-11-09T20:20:27 IST">
  <testcase classname="com.qa.TestNGscripts.GroupDemo2" name="method3" time="0.002"/>
  <testcase classname="com.qa.TestNGscripts.GroupDemo2" name="method4" time="0.002"/>
  <testcase classname="com.qa.TestNGscripts.GroupDemo2" name="method2" time="0.0">
    <ignored/>
  </testcase> <!-- method2 -->
  <testcase classname="com.qa.TestNGscripts.GroupDemo2" name="method1" time="0.0">
    <ignored/>
  </testcase> <!-- method1 -->
</testsuite> <!-- Test2 -->
