<?xml version="1.0" encoding="UTF-8"?>
<!-- Generated by org.testng.reporters.JUnitXMLReporter -->
<testsuite ignored="2" hostname="SUSHMA" failures="0" tests="6" name="Test3" time="0.155" errors="0" timestamp="2021-11-09T20:20:27 IST">
  <testcase classname="com.qa.TestNGscripts.GroupsDemo" name="testcase6" time="0.017"/>
  <testcase classname="com.qa.TestNGscripts.GroupsDemo" name="testcase7" time="0.003"/>
  <testcase classname="com.qa.TestNGscripts.GroupsDemo" name="testcase8" time="0.002"/>
  <testcase classname="com.qa.TestNGscripts.GroupsDemo" name="testcase1" time="0.005"/>
  <testcase classname="com.qa.TestNGscripts.GroupsDemo" name="testcase2" time="0.001"/>
  <testcase classname="com.qa.TestNGscripts.GroupsDemo" name="testcase3" time="0.001"/>
  <testcase classname="com.qa.TestNGscripts.GroupsDemo" name="testcase5" time="0.0">
    <ignored/>
  </testcase> <!-- testcase5 -->
  <testcase classname="com.qa.TestNGscripts.GroupsDemo" name="testcase4" time="0.0">
    <ignored/>
  </testcase> <!-- testcase4 -->
</testsuite> <!-- Test3 -->
