<?xml version="1.0" encoding="UTF-8"?>
<testng-results ignored="0" total="1" passed="1" failed="0" skipped="0">
  <reporter-output>
  </reporter-output>
  <suite started-at="2021-11-16T14:43:59 IST" name="Default suite" finished-at="2021-11-16T14:44:40 IST" duration-ms="41065">
    <groups>
    </groups>
    <test started-at="2021-11-16T14:43:59 IST" name="Default test" finished-at="2021-11-16T14:44:40 IST" duration-ms="41065">
      <class name="actionclassDemo.HandlesTabDemo">
        <test-method signature="HandlesTabDemo()[pri:0, instance:actionclassDemo.HandlesTabDemo@be35cd9]" started-at="2021-11-16T14:43:59 IST" name="HandlesTabDemo" finished-at="2021-11-16T14:44:40 IST" duration-ms="40991" status="PASS">
          <reporter-output>
          </reporter-output>
        </test-method> <!-- HandlesTabDemo -->
      </class> <!-- actionclassDemo.HandlesTabDemo -->
    </test> <!-- Default test -->
  </suite> <!-- Default suite -->
</testng-results>
